<?xml version="1.0" encoding="UTF-8"?>
<testng-results skipped="1" failed="2" ignored="0" total="5" passed="2">
  <reporter-output>
  </reporter-output>
  <suite name="Mobile API - Health check" duration-ms="316796" started-at="2017-07-19T12:35:14Z" finished-at="2017-07-19T12:40:31Z">
    <groups>
    </groups>
    <test name="rest-services-availability" duration-ms="316796" started-at="2017-07-19T12:35:14Z" finished-at="2017-07-19T12:40:31Z">
      <class name="com.epg.mobile.tests.HealthCheckTestCase">
        <test-method status="PASS" signature="init()[pri:0, instance:com.epg.mobile.tests.HealthCheckTestCase@4e86b0ed]" name="init" is-config="true" duration-ms="0" started-at="2017-07-19T16:35:14Z" finished-at="2017-07-19T16:35:14Z">
          <reporter-output>
          </reporter-output>
        </test-method> <!-- init -->
        <test-method status="PASS" signature="testMobileApplicationHealthCheck(java.lang.String, java.lang.String)[pri:1, instance:com.epg.mobile.tests.HealthCheckTestCase@4e86b0ed]" name="testMobileApplicationHealthCheck" duration-ms="47" started-at="2017-07-19T16:35:14Z" finished-at="2017-07-19T16:35:14Z">
          <params>
            <param index="0">
              <value>
                <![CDATA[https://www.epg.ae/api_mobile/health-check]]>
              </value>
            </param>
            <param index="1">
              <value>
                <![CDATA[192.168.111.110]]>
              </value>
            </param>
          </params>
          <reporter-output>
          </reporter-output>
        </test-method> <!-- testMobileApplicationHealthCheck -->
        <test-method status="PASS" signature="testInit(java.lang.String, java.lang.String, java.lang.String, java.lang.String, java.lang.String, java.lang.String, java.lang.String, java.lang.String)[pri:2, instance:com.epg.mobile.tests.HealthCheckTestCase@4e86b0ed]" name="testInit" duration-ms="31" started-at="2017-07-19T16:35:14Z" finished-at="2017-07-19T16:35:14Z">
          <params>
            <param index="0">
              <value>
                <![CDATA[https://www.epg.ae/api_mobile/init]]>
              </value>
            </param>
            <param index="1">
              <value>
                <![CDATA[192.168.111.110]]>
              </value>
            </param>
            <param index="2">
              <value>
                <![CDATA[toKMcMS0IqL0TtGSoFL3]]>
              </value>
            </param>
            <param index="3">
              <value>
                <![CDATA[f12321321355899kkRRwe]]>
              </value>
            </param>
            <param index="4">
              <value>
                <![CDATA[Samsung N9005]]>
              </value>
            </param>
            <param index="5">
              <value>
                <![CDATA[android]]>
              </value>
            </param>
            <param index="6">
              <value>
                <![CDATA[Android 4.5]]>
              </value>
            </param>
            <param index="7">
              <value>
                <![CDATA[1.0.0]]>
              </value>
            </param>
          </params>
          <reporter-output>
          </reporter-output>
        </test-method> <!-- testInit -->
        <test-method status="FAIL" signature="testLogin(java.lang.String, java.lang.String, java.lang.String, java.lang.String)[pri:3, instance:com.epg.mobile.tests.HealthCheckTestCase@4e86b0ed]" name="testLogin" duration-ms="196674" started-at="2017-07-19T16:35:14Z" finished-at="2017-07-19T16:38:31Z">
          <params>
            <param index="0">
              <value>
                <![CDATA[https://www.epg.ae/api_mobile/account/login]]>
              </value>
            </param>
            <param index="1">
              <value>
                <![CDATA[192.168.111.110]]>
              </value>
            </param>
            <param index="2">
              <value>
                <![CDATA[sherin@hashinclu.de]]>
              </value>
            </param>
            <param index="3">
              <value>
                <![CDATA[Test@123]]>
              </value>
            </param>
          </params>
          <exception class="org.json.simple.parser.ParseException">
            <full-stacktrace>
              <![CDATA[Unexpected character (<) at position 0.
	at org.json.simple.parser.Yylex.yylex(Yylex.java:610)
	at org.json.simple.parser.JSONParser.nextToken(JSONParser.java:269)
	at org.json.simple.parser.JSONParser.parse(JSONParser.java:118)
	at org.json.simple.parser.JSONParser.parse(JSONParser.java:81)
	at org.json.simple.parser.JSONParser.parse(JSONParser.java:75)
	at com.epg.mobile.tests.HealthCheckTestCase.testLogin(HealthCheckTestCase.java:172)
	at sun.reflect.NativeMethodAccessorImpl.invoke0(Native Method)
	at sun.reflect.NativeMethodAccessorImpl.invoke(NativeMethodAccessorImpl.java:62)
	at sun.reflect.DelegatingMethodAccessorImpl.invoke(DelegatingMethodAccessorImpl.java:43)
	at java.lang.reflect.Method.invoke(Method.java:498)
	at org.testng.internal.MethodInvocationHelper.invokeMethod(MethodInvocationHelper.java:108)
	at org.testng.internal.Invoker.invokeMethod(Invoker.java:661)
	at org.testng.internal.Invoker.invokeTestMethod(Invoker.java:869)
	at org.testng.internal.Invoker.invokeTestMethods(Invoker.java:1193)
	at org.testng.internal.TestMethodWorker.invokeTestMethods(TestMethodWorker.java:126)
	at org.testng.internal.TestMethodWorker.run(TestMethodWorker.java:109)
	at java.util.concurrent.ThreadPoolExecutor.runWorker(ThreadPoolExecutor.java:1142)
	at java.util.concurrent.ThreadPoolExecutor$Worker.run(ThreadPoolExecutor.java:617)
	at java.lang.Thread.run(Thread.java:748)
]]>
            </full-stacktrace>
          </exception> <!-- org.json.simple.parser.ParseException -->
          <reporter-output>
          </reporter-output>
        </test-method> <!-- testLogin -->
        <test-method status="FAIL" signature="testUserName(java.lang.String, java.lang.String, java.lang.String)[pri:4, instance:com.epg.mobile.tests.HealthCheckTestCase@4e86b0ed]" name="testUserName" duration-ms="120044" started-at="2017-07-19T16:38:31Z" finished-at="2017-07-19T16:40:31Z">
          <params>
            <param index="0">
              <value>
                <![CDATA[https://www.epg.ae/api_mobile/account/username-exists?username=]]>
              </value>
            </param>
            <param index="1">
              <value>
                <![CDATA[192.168.111.110]]>
              </value>
            </param>
            <param index="2">
              <value>
                <![CDATA[faisalsa]]>
              </value>
            </param>
          </params>
          <exception class="org.json.simple.parser.ParseException">
            <full-stacktrace>
              <![CDATA[Unexpected character (<) at position 0.
	at org.json.simple.parser.Yylex.yylex(Yylex.java:610)
	at org.json.simple.parser.JSONParser.nextToken(JSONParser.java:269)
	at org.json.simple.parser.JSONParser.parse(JSONParser.java:118)
	at org.json.simple.parser.JSONParser.parse(JSONParser.java:81)
	at org.json.simple.parser.JSONParser.parse(JSONParser.java:75)
	at com.epg.mobile.tests.HealthCheckTestCase.validateAPI(HealthCheckTestCase.java:54)
	at com.epg.mobile.tests.HealthCheckTestCase.testUserName(HealthCheckTestCase.java:191)
	at sun.reflect.NativeMethodAccessorImpl.invoke0(Native Method)
	at sun.reflect.NativeMethodAccessorImpl.invoke(NativeMethodAccessorImpl.java:62)
	at sun.reflect.DelegatingMethodAccessorImpl.invoke(DelegatingMethodAccessorImpl.java:43)
	at java.lang.reflect.Method.invoke(Method.java:498)
	at org.testng.internal.MethodInvocationHelper.invokeMethod(MethodInvocationHelper.java:108)
	at org.testng.internal.Invoker.invokeMethod(Invoker.java:661)
	at org.testng.internal.Invoker.invokeTestMethod(Invoker.java:869)
	at org.testng.internal.Invoker.invokeTestMethods(Invoker.java:1193)
	at org.testng.internal.TestMethodWorker.invokeTestMethods(TestMethodWorker.java:126)
	at org.testng.internal.TestMethodWorker.run(TestMethodWorker.java:109)
	at java.util.concurrent.ThreadPoolExecutor.runWorker(ThreadPoolExecutor.java:1142)
	at java.util.concurrent.ThreadPoolExecutor$Worker.run(ThreadPoolExecutor.java:617)
	at java.lang.Thread.run(Thread.java:748)
]]>
            </full-stacktrace>
          </exception> <!-- org.json.simple.parser.ParseException -->
          <reporter-output>
          </reporter-output>
        </test-method> <!-- testUserName -->
        <test-method status="SKIP" signature="check200Status(java.lang.String, java.lang.String)[pri:5, instance:com.epg.mobile.tests.HealthCheckTestCase@4e86b0ed]" name="check200Status" duration-ms="0" started-at="2017-07-19T16:40:31Z" data-provider="urls_provider" finished-at="2017-07-19T16:40:31Z">
          <exception class="java.lang.RuntimeException">
            <message>
              <![CDATA[java.io.FileNotFoundException: File 'C:\Users\MUQSIT~1.ABD\AppData\Local\Temp\apitestsconsole\data_xmls\urls.xml' does not exist]]>
            </message>
            <full-stacktrace>
              <![CDATA[java.lang.RuntimeException: java.io.FileNotFoundException: File 'C:\Users\MUQSIT~1.ABD\AppData\Local\Temp\apitestsconsole\data_xmls\urls.xml' does not exist
	at org.testng.internal.MethodInvocationHelper.invokeMethodNoCheckedException(MethodInvocationHelper.java:49)
	at org.testng.internal.MethodInvocationHelper.invokeDataProvider(MethodInvocationHelper.java:115)
	at org.testng.internal.Parameters.handleParameters(Parameters.java:509)
	at org.testng.internal.Invoker.handleParameters(Invoker.java:1308)
	at org.testng.internal.Invoker.createParameters(Invoker.java:1036)
	at org.testng.internal.Invoker.invokeTestMethods(Invoker.java:1126)
	at org.testng.internal.TestMethodWorker.invokeTestMethods(TestMethodWorker.java:126)
	at org.testng.internal.TestMethodWorker.run(TestMethodWorker.java:109)
	at java.util.concurrent.ThreadPoolExecutor.runWorker(ThreadPoolExecutor.java:1142)
	at java.util.concurrent.ThreadPoolExecutor$Worker.run(ThreadPoolExecutor.java:617)
	at java.lang.Thread.run(Thread.java:748)
Caused by: java.io.FileNotFoundException: File 'C:\Users\MUQSIT~1.ABD\AppData\Local\Temp\apitestsconsole\data_xmls\urls.xml' does not exist
	at org.apache.commons.io.FileUtils.openInputStream(FileUtils.java:292)
	at org.apache.commons.io.FileUtils.readFileToString(FileUtils.java:1765)
	at org.apache.commons.io.FileUtils.readFileToString(FileUtils.java:1784)
	at com.epg.mobile.tests.HealthCheckTestCase.urlsProvider(HealthCheckTestCase.java:206)
	at sun.reflect.NativeMethodAccessorImpl.invoke0(Native Method)
	at sun.reflect.NativeMethodAccessorImpl.invoke(NativeMethodAccessorImpl.java:62)
	at sun.reflect.DelegatingMethodAccessorImpl.invoke(DelegatingMethodAccessorImpl.java:43)
	at java.lang.reflect.Method.invoke(Method.java:498)
	at org.testng.internal.MethodInvocationHelper.invokeMethod(MethodInvocationHelper.java:108)
	at org.testng.internal.MethodInvocationHelper.invokeMethod(MethodInvocationHelper.java:55)
	at org.testng.internal.MethodInvocationHelper.invokeMethodNoCheckedException(MethodInvocationHelper.java:45)
	... 10 more
]]>
            </full-stacktrace>
          </exception> <!-- java.lang.RuntimeException -->
          <reporter-output>
          </reporter-output>
        </test-method> <!-- check200Status -->
      </class> <!-- com.epg.mobile.tests.HealthCheckTestCase -->
    </test> <!-- rest-services-availability -->
  </suite> <!-- Mobile API - Health check -->
</testng-results>
